SF:lib/src/ui/utils/uuid_generator.dart
DA:4,1
DA:5,1
DA:6,5
DA:7,5
LF:4
LH:4
end_of_record
SF:lib/src/ui/utils/date_formatters.dart
DA:4,1
DA:5,2
DA:8,1
DA:9,1
DA:10,4
DA:11,1
DA:12,4
DA:14,1
DA:16,1
DA:19,2
DA:23,1
DA:24,9
DA:28,1
DA:29,1
DA:31,2
DA:32,3
DA:34,1
LF:17
LH:17
end_of_record
SF:lib/src/l10n/l10n.dart
DA:4,1
DA:5,0
DA:6,0
DA:10,0
DA:36,1
DA:37,4
DA:38,3
DA:39,4
DA:46,1
DA:48,1
DA:49,3
DA:51,1
DA:53,1
DA:55,1
LF:14
LH:11
end_of_record
SF:lib/src/data/models/chat_message.dart
DA:19,2
DA:20,2
LF:2
LH:2
end_of_record
SF:lib/src/data/models/chat_message.g.dart
DA:9,4
DA:10,2
DA:11,2
DA:12,2
DA:13,2
DA:14,2
DA:15,2
DA:16,4
DA:17,2
DA:20,1
DA:21,1
DA:22,1
DA:23,1
DA:24,1
DA:25,1
DA:26,1
DA:27,1
DA:28,2
DA:29,1
LF:19
LH:19
end_of_record
SF:lib/src/theme/chat_theme.dart
DA:5,1
DA:13,1
DA:14,1
DA:15,3
DA:17,1
DA:18,2
DA:19,1
DA:21,4
DA:24,1
DA:25,1
DA:29,1
DA:31,1
DA:32,1
DA:33,1
DA:45,1
DA:54,1
DA:55,0
DA:56,1
DA:57,1
DA:58,1
DA:59,1
DA:60,1
DA:64,1
DA:66,1
DA:67,1
DA:68,3
DA:69,3
DA:70,3
DA:71,3
DA:72,3
DA:73,3
LF:31
LH:30
end_of_record
SF:lib/src/data/models/send_message_request.dart
DA:14,1
DA:15,1
LF:2
LH:2
end_of_record
SF:lib/src/data/models/send_message_request.g.dart
DA:9,1
DA:10,1
DA:11,1
DA:12,1
DA:13,1
DA:16,1
DA:17,1
DA:18,1
DA:19,1
DA:20,1
LF:10
LH:10
end_of_record
SF:lib/src/data/models/paged_messages_response.dart
DA:14,1
DA:15,1
LF:2
LH:2
end_of_record
SF:lib/src/data/models/paged_messages_response.g.dart
DA:9,1
DA:11,1
DA:13,1
DA:14,3
DA:15,1
DA:16,1
DA:19,1
DA:21,1
DA:22,1
DA:23,1
LF:10
LH:10
end_of_record
SF:lib/src/data/models/ws_envelope.dart
DA:7,1
DA:12,1
DA:14,1
DA:15,1
DA:29,1
DA:30,1
DA:41,1
DA:42,1
DA:60,1
DA:61,1
DA:72,1
DA:73,1
DA:83,1
DA:84,1
DA:93,1
DA:94,1
DA:105,0
DA:106,0
DA:115,0
DA:116,0
LF:20
LH:16
end_of_record
SF:lib/src/data/models/ws_envelope.g.dart
DA:9,2
DA:10,1
DA:11,1
DA:12,1
DA:13,1
DA:14,1
DA:16,1
DA:18,0
DA:21,1
DA:22,1
DA:23,1
DA:24,1
DA:25,1
DA:26,1
DA:27,1
DA:28,1
DA:31,2
DA:32,1
DA:33,1
DA:34,1
DA:37,2
DA:38,1
DA:39,1
DA:40,1
DA:43,1
DA:45,1
DA:46,1
DA:47,1
DA:48,1
DA:49,1
DA:50,1
DA:51,1
DA:52,1
DA:53,1
DA:56,0
DA:58,0
DA:59,0
DA:60,0
DA:61,0
DA:62,0
DA:63,0
DA:64,0
DA:65,0
DA:66,0
DA:69,1
DA:70,1
DA:71,1
DA:72,1
DA:73,1
DA:76,0
DA:77,0
DA:78,0
DA:79,0
DA:80,0
DA:83,1
DA:84,1
DA:85,1
DA:86,1
DA:89,0
DA:90,0
DA:92,1
DA:93,3
DA:95,0
DA:96,0
DA:98,0
DA:99,0
DA:100,0
DA:101,0
DA:102,0
DA:105,0
DA:106,0
DA:107,0
DA:108,0
DA:109,0
DA:112,0
DA:113,0
DA:115,0
DA:116,0
LF:78
LH:44
end_of_record
SF:lib/src/chat_config.dart
DA:5,1
DA:12,3
DA:13,2
DA:14,2
DA:23,1
DA:31,1
DA:32,1
DA:33,1
DA:34,1
DA:35,1
DA:36,1
DA:37,1
LF:12
LH:12
end_of_record
SF:lib/src/data/services/outbox.dart
DA:6,1
DA:7,2
DA:8,1
DA:9,1
DA:15,2
DA:16,1
DA:17,1
DA:27,3
DA:29,1
DA:30,1
DA:31,1
DA:32,1
DA:35,1
DA:37,1
DA:38,1
DA:40,1
DA:41,1
DA:42,1
DA:43,1
DA:44,3
DA:46,4
DA:48,0
DA:51,1
DA:53,1
DA:54,5
DA:55,2
DA:56,0
DA:59,1
DA:60,2
DA:61,4
DA:62,1
DA:65,3
DA:67,1
DA:68,5
DA:69,4
DA:70,1
DA:73,3
DA:74,3
LF:38
LH:36
end_of_record
