SF:lib/src/ui/utils/date_formatters.dart
DA:4,1
DA:5,2
DA:8,1
DA:9,1
DA:10,4
DA:11,1
DA:12,4
DA:14,1
DA:16,1
DA:19,2
DA:23,1
DA:24,9
DA:28,1
DA:29,1
DA:31,2
DA:32,3
DA:34,1
LF:17
LH:17
end_of_record
SF:lib/src/data/services/outbox.dart
DA:6,1
DA:7,2
DA:8,1
DA:9,1
DA:15,2
DA:16,1
DA:17,1
DA:27,3
DA:29,1
DA:30,1
DA:31,1
DA:32,1
DA:35,1
DA:37,1
DA:38,1
DA:40,1
DA:41,1
DA:42,1
DA:43,1
DA:44,3
DA:46,4
DA:48,0
DA:51,1
DA:53,1
DA:54,5
DA:55,2
DA:56,0
DA:59,1
DA:60,2
DA:61,4
DA:62,1
DA:65,3
DA:67,1
DA:68,5
DA:69,4
DA:70,1
DA:73,3
DA:74,3
LF:38
LH:36
end_of_record
